<?xml version="1.0" encoding="UTF-8"?>
<testng-results skipped="0" failed="0" ignored="0" total="1" passed="1">
  <reporter-output>
  </reporter-output>
  <suite name="Default suite" duration-ms="3044" started-at="2020-11-18T14:12:14Z" finished-at="2020-11-18T14:12:17Z">
    <groups>
    </groups>
    <test name="Default test" duration-ms="3044" started-at="2020-11-18T14:12:14Z" finished-at="2020-11-18T14:12:17Z">
      <class name="TestCase.PostAPet">
        <test-method status="PASS" signature="postPet()[pri:0, instance:TestCase.PostAPet@d8355a8]" name="postPet" duration-ms="3029" started-at="2020-11-18T14:12:14Z" finished-at="2020-11-18T14:12:17Z">
          <reporter-output>
          </reporter-output>
        </test-method> <!-- postPet -->
      </class> <!-- TestCase.PostAPet -->
    </test> <!-- Default test -->
  </suite> <!-- Default suite -->
</testng-results>
